<?xml version="1.0" encoding="UTF-8"?>
<testsuite name="org.ait.phonebook.LoginTests" tests="1" skipped="0" failures="0" errors="0" timestamp="2023-09-07T10:26:56" hostname="KOMPIUTERIS" time="1.022">
  <properties/>
  <testcase name="loginPositiveTest" classname="org.ait.phonebook.LoginTests" time="1.022"/>
  <system-out><![CDATA[]]></system-out>
  <system-err><![CDATA[]]></system-err>
</testsuite>
