<?xml version="1.0" encoding="UTF-8"?>
<testsuite name="org.ait.phonebook.RemoveContactTests" tests="1" skipped="0" failures="0" errors="0" timestamp="2023-09-07T10:27:21" hostname="KOMPIUTERIS" time="11.416">
  <properties/>
  <testcase name="removePositiveTest" classname="org.ait.phonebook.RemoveContactTests" time="11.416"/>
  <system-out><![CDATA[]]></system-out>
  <system-err><![CDATA[]]></system-err>
</testsuite>
