<?xml version="1.0" encoding="UTF-8"?>
<testsuite name="org.ait.phonebook.LoginTests" tests="3" skipped="0" failures="0" errors="0" timestamp="2023-09-17T11:12:58" hostname="KOMPIUTERIS" time="30.645">
  <properties/>
  <testcase name="loginNegativeWithoutEmailTest" classname="org.ait.phonebook.LoginTests" time="1.157"/>
  <testcase name="loginPositiveTest" classname="org.ait.phonebook.LoginTests" time="0.503"/>
  <testcase name="loginPositiveTestWithScreencast" classname="org.ait.phonebook.LoginTests" time="5.856"/>
  <system-out><![CDATA[13:12:58.125 [Test worker] INFO  org.ait.phonebook.TestBase -- Start test loginNegativeWithoutEmailTestwith data: []
13:12:59.322 [Test worker] INFO  org.ait.phonebook.TestBase -- PASSED:loginNegativeWithoutEmailTest
13:12:59.323 [Test worker] INFO  org.ait.phonebook.TestBase -- stop test
13:12:59.323 [Test worker] ERROR org.ait.phonebook.TestBase -- ********************
13:12:59.325 [Test worker] INFO  org.ait.phonebook.TestBase -- Start test loginPositiveTestwith data: []
13:12:59.868 [Test worker] INFO  org.ait.phonebook.TestBase -- PASSED:loginPositiveTest
13:12:59.868 [Test worker] INFO  org.ait.phonebook.TestBase -- stop test
13:12:59.868 [Test worker] ERROR org.ait.phonebook.TestBase -- ********************
13:12:59.869 [Test worker] INFO  org.ait.phonebook.TestBase -- Start test loginPositiveTestWithScreencastwith data: []
13:13:28.810 [Test worker] INFO  org.ait.phonebook.TestBase -- PASSED:loginPositiveTestWithScreencast
13:13:28.810 [Test worker] INFO  org.ait.phonebook.TestBase -- stop test
13:13:28.810 [Test worker] ERROR org.ait.phonebook.TestBase -- ********************
]]></system-out>
  <system-err><![CDATA[]]></system-err>
</testsuite>
