<?xml version="1.0" encoding="UTF-8"?>
<testsuite name="org.ait.phonebook.HomePageTests" tests="1" skipped="0" failures="0" errors="0" timestamp="2023-09-17T11:12:58" hostname="KOMPIUTERIS" time="0.012">
  <properties/>
  <testcase name="isHomeComponentPresentTest" classname="org.ait.phonebook.HomePageTests" time="0.012"/>
  <system-out><![CDATA[13:12:35.030 [Test worker] INFO  org.ait.phonebook.TestBase -- Start test isHomeComponentPresentTestwith data: []
13:12:58.124 [Test worker] INFO  org.ait.phonebook.TestBase -- PASSED:isHomeComponentPresentTest
13:12:58.124 [Test worker] INFO  org.ait.phonebook.TestBase -- stop test
13:12:58.124 [Test worker] ERROR org.ait.phonebook.TestBase -- ********************
]]></system-out>
  <system-err><![CDATA[]]></system-err>
</testsuite>
